[debug] [2018-04-21T18:48:43.923Z] ----------------------------------------------------------------------
[debug] [2018-04-21T18:48:43.926Z] Command:       C:\Program Files\nodejs\node.exe C:\Users\User\AppData\Roaming\npm\node_modules\firebase-tools\bin\firebase serve --token 1/3nGPxWKC7Lbe6bryBGGaOuLuaA5dftIRE2cyBNPPjB8
[debug] [2018-04-21T18:48:43.926Z] CLI Version:   3.18.2
[debug] [2018-04-21T18:48:43.926Z] Platform:      win32
[debug] [2018-04-21T18:48:43.926Z] Node Version:  v8.9.4
[debug] [2018-04-21T18:48:43.927Z] Time:          Sat Apr 21 2018 14:48:43 GMT-0400 (Eastern Daylight Time)
[debug] [2018-04-21T18:48:43.927Z] ----------------------------------------------------------------------
[debug] 
[debug] [2018-04-21T18:48:43.953Z] > command requires scopes: ["email","openid","https://www.googleapis.com/auth/cloudplatformprojects.readonly","https://www.googleapis.com/auth/firebase","https://www.googleapis.com/auth/cloud-platform"]
[debug] [2018-04-21T18:48:43.953Z] > authorizing via --token option
[debug] [2018-04-21T18:48:43.953Z] > refreshing access token with scopes: ["email","openid","https://www.googleapis.com/auth/cloudplatformprojects.readonly","https://www.googleapis.com/auth/firebase","https://www.googleapis.com/auth/cloud-platform"]
[debug] [2018-04-21T18:48:43.953Z] >>> HTTP REQUEST POST https://www.googleapis.com/oauth2/v3/token  
 { refresh_token: '1/3nGPxWKC7Lbe6bryBGGaOuLuaA5dftIRE2cyBNPPjB8',
  client_id: '563584335869-fgrhgmd47bqnekij5i8b5pr03ho849e6.apps.googleusercontent.com',
  client_secret: 'j9iVZfS8kkCEFUPaAeJV0sAi',
  grant_type: 'refresh_token',
  scope: 'email openid https://www.googleapis.com/auth/cloudplatformprojects.readonly https://www.googleapis.com/auth/firebase https://www.googleapis.com/auth/cloud-platform' } 
 Sat Apr 21 2018 14:48:43 GMT-0400 (Eastern Daylight Time)
[debug] [2018-04-21T18:48:44.161Z] <<< HTTP RESPONSE 200
[debug] [2018-04-21T18:48:44.161Z] >>> HTTP REQUEST GET https://admin.firebase.com/v1/projects/a-life-of-medita-1522891497708  
  
 Sat Apr 21 2018 14:48:44 GMT-0400 (Eastern Daylight Time)
[debug] [2018-04-21T18:48:44.435Z] <<< HTTP RESPONSE 200
[debug] [2018-04-21T18:48:44.435Z] >>> HTTP REQUEST GET https://admin.firebase.com/v1/database/a-life-of-medita-1522891497708/tokens  
  
 Sat Apr 21 2018 14:48:44 GMT-0400 (Eastern Daylight Time)
[debug] [2018-04-21T18:48:44.826Z] <<< HTTP RESPONSE 200
[debug] [2018-04-21T18:48:44.826Z] >>> HTTP REQUEST GET https://cloudresourcemanager.googleapis.com/v1/projects/a-life-of-medita-1522891497708  
  
 Sat Apr 21 2018 14:48:44 GMT-0400 (Eastern Daylight Time)
[debug] [2018-04-21T18:48:45.107Z] <<< HTTP RESPONSE 200
[info] 
[info] === Serving from 'C:\Users\User\Documents\GitHub\alom-web-app'...
[info] 
[debug] [2018-04-21T18:48:45.107Z] >>> HTTP REQUEST GET https://mobilesdk-pa.googleapis.com/v1/projects/973576693687/clients/_:getWebAppConfig  
  
 Sat Apr 21 2018 14:48:45 GMT-0400 (Eastern Daylight Time)
[debug] [2018-04-21T18:48:45.498Z] <<< HTTP RESPONSE 200
[info] i  hosting: Serving hosting files from: public
[info] +  hosting: Local server: http://localhost:5000

